<?xml version="1.0" encoding="UTF-8" ?>
<testsuite errors="1" failures="0" name="com.example.unittest.MainActivityUnitTest.java" tests="1" time="0.0">
  <properties>
    <property name="java.vendor" value="Oracle Corporation" />
    <property name="sun.java.launcher" value="SUN_STANDARD" />
    <property name="sun.management.compiler" value="HotSpot 64-Bit Tiered Compilers" />
    <property name="env.PROMPT" value="$P$G" />
    <property name="os.name" value="Windows 7" />
    <property name="env.FP_NO_HOST_CHECK" value="NO" />
    <property name="sun.boot.class.path" value="C:\Program Files\Java\jdk1.7.0_45\jre\lib\resources.jar;C:\Program Files\Java\jdk1.7.0_45\jre\lib\rt.jar;C:\Program Files\Java\jdk1.7.0_45\jre\lib\sunrsasign.jar;C:\Program Files\Java\jdk1.7.0_45\jre\lib\jsse.jar;C:\Program Files\Java\jdk1.7.0_45\jre\lib\jce.jar;C:\Program Files\Java\jdk1.7.0_45\jre\lib\charsets.jar;C:\Program Files\Java\jdk1.7.0_45\jre\lib\jfr.jar;C:\Program Files\Java\jdk1.7.0_45\jre\classes" />
    <property name="env.COMPUTERNAME" value="PGR-RAVIP" />
    <property name="env.CommonProgramW6432" value="C:\Program Files\Common Files" />
    <property name="env.ALLUSERSPROFILE" value="C:\ProgramData" />
    <property name="sun.desktop" value="windows" />
    <property name="java.vm.specification.vendor" value="Oracle Corporation" />
    <property name="ant.home" value="D:\SmartAppsCustomizationFolder\apache-ant-1.8.2\bin\.." />
    <property name="java.runtime.version" value="1.7.0_45-b18" />
    <property name="env.HOMEPATH" value="\Users\ravip" />
    <property name="user.name" value="ravip" />
    <property name="user.language" value="en" />
    <property name="env.windows_tracing_flags" value="3" />
    <property name="sun.boot.library.path" value="C:\Program Files\Java\jdk1.7.0_45\jre\bin" />
    <property name="env.DellClientSystemUpdatePath" value="C:\Program Files (x86)\Dell\ClientSystemUpdate\" />
    <property name="ant.project.default-target" value="test" />
    <property name="ant.project.name" value="unittest" />
    <property name="ant.file.type.unittest" value="file" />
    <property name="java.version" value="1.7.0_45" />
    <property name="env.PROCESSOR_IDENTIFIER" value="Intel64 Family 6 Model 58 Stepping 9, GenuineIntel" />
    <property name="user.timezone" value="" />
    <property name="env.asl.log" value="Destination=file" />
    <property name="env.TEMP" value="C:\Users\ravip\AppData\Local\Temp" />
    <property name="sun.arch.data.model" value="64" />
    <property name="env.classpath" value="C:\Program Files\Java\jdk1.7.0_45\lib" />
    <property name="java.endorsed.dirs" value="C:\Program Files\Java\jdk1.7.0_45\jre\lib\endorsed" />
    <property name="env._JAVACMD" value="C:\Program Files\Java\jdk1.7.0_45\bin\java.exe" />
    <property name="sun.cpu.isalist" value="amd64" />
    <property name="env.HOMEDRIVE" value="C:" />
    <property name="sun.jnu.encoding" value="Cp1252" />
    <property name="file.encoding.pkg" value="sun.io" />
    <property name="file.separator" value="\" />
    <property name="java.specification.name" value="Java Platform API Specification" />
    <property name="java.class.version" value="51.0" />
    <property name="user.country" value="IN" />
    <property name="sdk.dir" value="D:\adt-bundle-windows-x86_64-20131030\sdk" />
    <property name="java.home" value="C:\Program Files\Java\jdk1.7.0_45\jre" />
    <property name="env.PSModulePath" value="C:\Windows\system32\WindowsPowerShell\v1.0\Modules\" />
    <property name="env.ANDROID_HOME" value="D:\adt-bundle-windows-x86_64-20131030\sdk" />
    <property name="env.APPDATA" value="C:\Users\ravip\AppData\Roaming" />
    <property name="env.PUBLIC" value="C:\Users\Public" />
    <property name="env.windows_tracing_logfile" value="C:\BVTBin\Tests\installpackage\csilogfile.log" />
    <property name="java.vm.info" value="mixed mode" />
    <property name="env.ComSpec" value="C:\Windows\system32\cmd.exe" />
    <property name="env.OS" value="Windows_NT" />
    <property name="env.CommonProgramFiles" value="C:\Program Files\Common Files" />
    <property name="ant.file" value="D:\WORK\WORKSPACES\BudgetBillin\unittest\build.xml" />
    <property name="os.version" value="6.1" />
    <property name="env.ProgramW6432" value="C:\Program Files" />
    <property name="env._USE_CLASSPATH" value="yes" />
    <property name="env.JAVA_OPTS" value="-Xms128m -Xmx512m" />
    <property name="env.AMDAPPSDKROOT" value="c:\Program Files (x86)\AMD APP\" />
    <property name="path.separator" value=";" />
    <property name="java.vm.version" value="24.45-b08" />
    <property name="user.variant" value="" />
    <property name="env.USERPROFILE" value="C:\Users\ravip" />
    <property name="ant.library.dir" value="D:\SmartAppsCustomizationFolder\apache-ant-1.8.2\lib" />
    <property name="env.JAVA_HOME" value="C:\Program Files\Java\jdk1.7.0_45" />
    <property name="java.awt.printerjob" value="sun.awt.windows.WPrinterJob" />
    <property name="env.TMP" value="C:\Users\ravip\AppData\Local\Temp" />
    <property name="sun.io.unicode.encoding" value="UnicodeLittle" />
    <property name="awt.toolkit" value="sun.awt.windows.WToolkit" />
    <property name="user.script" value="" />
    <property name="user.home" value="C:\Users\ravip" />
    <property name="target" value="android-19" />
    <property name="env.ProgramData" value="C:\ProgramData" />
    <property name="env.SESSIONNAME" value="Console" />
    <property name="env.ProgramFiles(x86)" value="C:\Program Files (x86)" />
    <property name="java.specification.vendor" value="Oracle Corporation" />
    <property name="java.vendor.url" value="http://java.oracle.com/" />
    <property name="env.NUMBER_OF_PROCESSORS" value="8" />
    <property name="java.library.path" value="C:\Program Files\Java\jdk1.7.0_45\bin;C:\Windows\Sun\Java\bin;C:\Windows\system32;C:\Windows;C:\Program Files\Common Files\Microsoft Shared\Windows Live;C:\Program Files (x86)\Common Files\Microsoft Shared\Windows Live;c:\Program Files (x86)\AMD APP\bin\x86_64;c:\Program Files (x86)\AMD APP\bin\x86;C:\Windows\system32;C:\Windows;C:\Windows\System32\Wbem;C:\Windows\System32\WindowsPowerShell\v1.0\;c:\Program Files (x86)\ATI Technologies\ATI.ACE\Core-Static;C:\Program Files\Dell\Dell Data Protection\Access\Advanced\Wave\Gemalto\Access Client\v5\;C:\Program Files (x86)\Security Innovation\SI TSS\bin\;C:\Program Files\TortoiseSVN\bin;D:\adt-bundle-windows-x86_64-20131030\sdk\platform-tools;C:\Program Files\Java\jdk1.7.0_45\bin;D:\SmartAppsCustomizationFolder\apache-ant-1.8.2\bin;C:\Program Files (x86)\MySQL\MySQL Utilities 1.3.6\;C:\Program Files (x86)\Windows Live\Shared;c:\Program Files (x86)\Microsoft SQL Server\100\Tools\Binn\;c:\Program Files\Microsoft SQL Server\100\Tools\Binn\;c:\Program Files\Microsoft SQL Server\100\DTS\Binn\;c:\Program Files (x86)\Microsoft SQL Server\100\Tools\Binn\VSShell\Common7\IDE\;c:\Program Files (x86)\Microsoft SQL Server\100\DTS\Binn\;D:\adt-bundle-windows-x86_64-20131030\sdk\tools;c:\Program Files (x86)\Microsoft Visual Studio 9.0\Common7\IDE\PrivateAssemblies\;." />
    <property name="env.USERDNSDOMAIN" value="PITS.LOCAL" />
    <property name="java.vm.vendor" value="Oracle Corporation" />
    <property name="ant.file.unittest" value="D:\WORK\WORKSPACES\BudgetBillin\unittest\build.xml" />
    <property name="java.runtime.name" value="Java(TM) SE Runtime Environment" />
    <property name="ant.version" value="Apache Ant(TM) version 1.8.2 compiled on December 20 2010" />
    <property name="java.class.path" value="D:\SmartAppsCustomizationFolder\apache-ant-1.8.2\bin\..\lib\ant-launcher.jar;C:\Program Files\Java\jdk1.7.0_45\lib\;D:\SmartAppsCustomizationFolder\apache-ant-1.8.2\lib\ant-antlr.jar;D:\SmartAppsCustomizationFolder\apache-ant-1.8.2\lib\ant-apache-bcel.jar;D:\SmartAppsCustomizationFolder\apache-ant-1.8.2\lib\ant-apache-bsf.jar;D:\SmartAppsCustomizationFolder\apache-ant-1.8.2\lib\ant-apache-log4j.jar;D:\SmartAppsCustomizationFolder\apache-ant-1.8.2\lib\ant-apache-oro.jar;D:\SmartAppsCustomizationFolder\apache-ant-1.8.2\lib\ant-apache-regexp.jar;D:\SmartAppsCustomizationFolder\apache-ant-1.8.2\lib\ant-apache-resolver.jar;D:\SmartAppsCustomizationFolder\apache-ant-1.8.2\lib\ant-apache-xalan2.jar;D:\SmartAppsCustomizationFolder\apache-ant-1.8.2\lib\ant-commons-logging.jar;D:\SmartAppsCustomizationFolder\apache-ant-1.8.2\lib\ant-commons-net.jar;D:\SmartAppsCustomizationFolder\apache-ant-1.8.2\lib\ant-jai.jar;D:\SmartAppsCustomizationFolder\apache-ant-1.8.2\lib\ant-javamail.jar;D:\SmartAppsCustomizationFolder\apache-ant-1.8.2\lib\ant-jdepend.jar;D:\SmartAppsCustomizationFolder\apache-ant-1.8.2\lib\ant-jmf.jar;D:\SmartAppsCustomizationFolder\apache-ant-1.8.2\lib\ant-jsch.jar;D:\SmartAppsCustomizationFolder\apache-ant-1.8.2\lib\ant-junit-1.6.5.jar;D:\SmartAppsCustomizationFolder\apache-ant-1.8.2\lib\ant-junit.jar;D:\SmartAppsCustomizationFolder\apache-ant-1.8.2\lib\ant-junit4.jar;D:\SmartAppsCustomizationFolder\apache-ant-1.8.2\lib\ant-launcher.jar;D:\SmartAppsCustomizationFolder\apache-ant-1.8.2\lib\ant-netrexx.jar;D:\SmartAppsCustomizationFolder\apache-ant-1.8.2\lib\ant-swing.jar;D:\SmartAppsCustomizationFolder\apache-ant-1.8.2\lib\ant-testutil.jar;D:\SmartAppsCustomizationFolder\apache-ant-1.8.2\lib\ant.jar;D:\SmartAppsCustomizationFolder\apache-ant-1.8.2\lib\junit-4.3.jar;C:\Program Files\Java\jdk1.7.0_45\lib\tools.jar" />
    <property name="sun.java.command" value="org.apache.tools.ant.launch.Launcher -cp C:\Program Files\Java\jdk1.7.0_45\lib -v" />
    <property name="java.vm.specification.name" value="Java Virtual Machine Specification" />
    <property name="ant.file.type" value="file" />
    <property name="env.windir" value="C:\Windows" />
    <property name="env.LOGONSERVER" value="\\ALBERO" />
    <property name="env.PROCESSOR_ARCHITECTURE" value="AMD64" />
    <property name="java.vm.specification.version" value="1.7" />
    <property name="sun.os.patch.level" value="Service Pack 1" />
    <property name="sun.cpu.endian" value="little" />
    <property name="env.ProgramFiles" value="C:\Program Files" />
    <property name="env.ANT_HOME" value="D:\SmartAppsCustomizationFolder\apache-ant-1.8.2\bin\.." />
    <property name="env.PROCESSOR_REVISION" value="3a09" />
    <property name="java.io.tmpdir" value="C:\Users\ravip\AppData\Local\Temp\" />
    <property name="env.CommonProgramFiles(x86)" value="C:\Program Files (x86)\Common Files" />
    <property name="env.VBOX_INSTALL_PATH" value="C:\Program Files\Oracle\VirtualBox\" />
    <property name="java.vendor.url.bug" value="http://bugreport.sun.com/bugreport/" />
    <property name="env.SystemRoot" value="C:\Windows" />
    <property name="java.awt.graphicsenv" value="sun.awt.Win32GraphicsEnvironment" />
    <property name="os.arch" value="amd64" />
    <property name="env.ANT_CMD_LINE_ARGS" value=" -v" />
    <property name="java.ext.dirs" value="C:\Program Files\Java\jdk1.7.0_45\jre\lib\ext;C:\Windows\Sun\Java\lib\ext" />
    <property name="env.=D:" value="D:\WORK\WORKSPACES\BudgetBillin\unittest" />
    <property name="env.LOCALAPPDATA" value="C:\Users\ravip\AppData\Local" />
    <property name="user.dir" value="D:\WORK\WORKSPACES\BudgetBillin\unittest" />
    <property name="line.separator" value="&#xd;&#xa;" />
    <property name="java.vm.name" value="Java HotSpot(TM) 64-Bit Server VM" />
    <property name="env.PATHEXT" value=".COM;.EXE;.BAT;.CMD;.VBS;.VBE;.JS;.JSE;.WSF;.WSH;.MSC" />
    <property name="env.Path" value="C:\Program Files\Common Files\Microsoft Shared\Windows Live;C:\Program Files (x86)\Common Files\Microsoft Shared\Windows Live;c:\Program Files (x86)\AMD APP\bin\x86_64;c:\Program Files (x86)\AMD APP\bin\x86;C:\Windows\system32;C:\Windows;C:\Windows\System32\Wbem;C:\Windows\System32\WindowsPowerShell\v1.0\;c:\Program Files (x86)\ATI Technologies\ATI.ACE\Core-Static;C:\Program Files\Dell\Dell Data Protection\Access\Advanced\Wave\Gemalto\Access Client\v5\;C:\Program Files (x86)\Security Innovation\SI TSS\bin\;C:\Program Files\TortoiseSVN\bin;D:\adt-bundle-windows-x86_64-20131030\sdk\platform-tools;C:\Program Files\Java\jdk1.7.0_45\bin;D:\SmartAppsCustomizationFolder\apache-ant-1.8.2\bin;C:\Program Files (x86)\MySQL\MySQL Utilities 1.3.6\;C:\Program Files (x86)\Windows Live\Shared;c:\Program Files (x86)\Microsoft SQL Server\100\Tools\Binn\;c:\Program Files\Microsoft SQL Server\100\Tools\Binn\;c:\Program Files\Microsoft SQL Server\100\DTS\Binn\;c:\Program Files (x86)\Microsoft SQL Server\100\Tools\Binn\VSShell\Common7\IDE\;c:\Program Files (x86)\Microsoft SQL Server\100\DTS\Binn\;D:\adt-bundle-windows-x86_64-20131030\sdk\tools;c:\Program Files (x86)\Microsoft Visual Studio 9.0\Common7\IDE\PrivateAssemblies\" />
    <property name="basedir" value="D:\WORK\WORKSPACES\BudgetBillin\unittest" />
    <property name="ant.java.version" value="1.7" />
    <property name="ant.core.lib" value="D:\SmartAppsCustomizationFolder\apache-ant-1.8.2\lib\ant.jar" />
    <property name="env.USERNAME" value="ravip" />
    <property name="env.SystemDrive" value="C:" />
    <property name="file.encoding" value="Cp1252" />
    <property name="env.VS100COMNTOOLS" value="c:\Program Files (x86)\Microsoft Visual Studio 10.0\Common7\Tools\" />
    <property name="env.USERDOMAIN" value="PITS" />
    <property name="java.specification.version" value="1.7" />
    <property name="env.=C:" value="C:\Users\ravip" />
    <property name="ant.project.invoked-targets" value="test" />
    <property name="env.PROCESSOR_LEVEL" value="6" />
  </properties>
  <error message="com.example.unittest.MainActivityUnitTest.java" type="java.lang.ClassNotFoundException">java.lang.ClassNotFoundException: com.example.unittest.MainActivityUnitTest.java
	at java.net.URLClassLoader$1.run(URLClassLoader.java:366)
	at java.net.URLClassLoader$1.run(URLClassLoader.java:355)
	at java.security.AccessController.doPrivileged(Native Method)
	at java.net.URLClassLoader.findClass(URLClassLoader.java:354)
	at java.lang.ClassLoader.loadClass(ClassLoader.java:425)
	at java.lang.ClassLoader.loadClass(ClassLoader.java:358)
	at java.lang.ClassLoader.loadClass(ClassLoader.java:358)
	at java.lang.Class.forName0(Native Method)
	at java.lang.Class.forName(Class.java:270)
</error>
  <system-out><![CDATA[]]></system-out>
  <system-err><![CDATA[]]></system-err>
</testsuite>
